<?xml version="1.0" encoding="UTF-8"?>
<testng-results skipped="7" failed="0" total="7" passed="0">
  <reporter-output>
  </reporter-output>
  <suite name="Suite" duration-ms="1105" started-at="2016-08-31T05:00:43Z" finished-at="2016-08-31T05:00:44Z">
    <groups>
    </groups>
    <test name="firefox" duration-ms="1105" started-at="2016-08-31T05:00:43Z" finished-at="2016-08-31T05:00:44Z">
      <class name="com.gqmaps.Login">
        <test-method status="FAIL" signature="testSetUp(java.lang.String)[pri:0, instance:com.gqmaps.Login@1335f392]" name="testSetUp" is-config="true" duration-ms="0" started-at="2016-08-31T10:30:43Z" finished-at="2016-08-31T10:30:43Z">
          <params>
            <param index="0">
              <value>
                <![CDATA[firefox]]>
              </value>
            </param>
          </params>
          <exception class="org.openqa.selenium.remote.UnreachableBrowserException">
            <message>
              <![CDATA[Could not start a new session. Possible causes are invalid address of the remote server or browser start-up failure.
Build info: version: '2.47.1', revision: '411b314', time: '2015-07-30 03:03:16'
System info: host: 'chef-server', ip: '127.0.1.1', os.name: 'Linux', os.arch: 'amd64', os.version: '3.13.0-32-generic', java.version: '1.7.0_95'
Driver info: driver.version: RemoteWebDriver]]>
            </message>
            <full-stacktrace>
              <![CDATA[org.openqa.selenium.remote.UnreachableBrowserException: Could not start a new session. Possible causes are invalid address of the remote server or browser start-up failure.
Build info: version: '2.47.1', revision: '411b314', time: '2015-07-30 03:03:16'
System info: host: 'chef-server', ip: '127.0.1.1', os.name: 'Linux', os.arch: 'amd64', os.version: '3.13.0-32-generic', java.version: '1.7.0_95'
Driver info: driver.version: RemoteWebDriver
	at org.openqa.selenium.remote.RemoteWebDriver.execute(RemoteWebDriver.java:589)
	at org.openqa.selenium.remote.RemoteWebDriver.startSession(RemoteWebDriver.java:242)
	at org.openqa.selenium.remote.RemoteWebDriver.<init>(RemoteWebDriver.java:128)
	at org.openqa.selenium.remote.RemoteWebDriver.<init>(RemoteWebDriver.java:155)
	at com.gqmaps.Login.testSetUp(Login.java:74)
	at sun.reflect.NativeMethodAccessorImpl.invoke0(Native Method)
	at sun.reflect.NativeMethodAccessorImpl.invoke(NativeMethodAccessorImpl.java:57)
	at sun.reflect.DelegatingMethodAccessorImpl.invoke(DelegatingMethodAccessorImpl.java:43)
	at java.lang.reflect.Method.invoke(Method.java:606)
	at org.testng.internal.MethodInvocationHelper.invokeMethod(MethodInvocationHelper.java:100)
	at org.testng.internal.Invoker.invokeConfigurationMethod(Invoker.java:515)
	at org.testng.internal.Invoker.invokeConfigurations(Invoker.java:216)
	at org.testng.internal.Invoker.invokeConfigurations(Invoker.java:143)
	at org.testng.TestRunner.beforeRun(TestRunner.java:624)
	at org.testng.TestRunner.run(TestRunner.java:592)
	at org.testng.SuiteRunner.runTest(SuiteRunner.java:366)
	at org.testng.SuiteRunner.runSequentially(SuiteRunner.java:361)
	at org.testng.SuiteRunner.privateRun(SuiteRunner.java:319)
	at org.testng.SuiteRunner.run(SuiteRunner.java:268)
	at org.testng.SuiteRunnerWorker.runSuite(SuiteRunnerWorker.java:52)
	at org.testng.SuiteRunnerWorker.run(SuiteRunnerWorker.java:86)
	at org.testng.TestNG.runSuitesSequentially(TestNG.java:1264)
	at org.testng.TestNG.runSuitesLocally(TestNG.java:1189)
	at org.testng.TestNG.runSuites(TestNG.java:1104)
	at org.testng.TestNG.run(TestNG.java:1076)
	at org.testng.remote.AbstractRemoteTestNG.run(AbstractRemoteTestNG.java:126)
	at org.testng.remote.RemoteTestNG.initAndRun(RemoteTestNG.java:152)
	at org.testng.remote.RemoteTestNG.main(RemoteTestNG.java:57)
Caused by: org.apache.http.conn.HttpHostConnectException: Connect to 192.168.8.146:4444 [/192.168.8.146] failed: Connection refused
	at org.apache.http.impl.conn.DefaultHttpClientConnectionOperator.connect(DefaultHttpClientConnectionOperator.java:151)
	at org.apache.http.impl.conn.PoolingHttpClientConnectionManager.connect(PoolingHttpClientConnectionManager.java:353)
	at org.apache.http.impl.execchain.MainClientExec.establishRoute(MainClientExec.java:380)
	at org.apache.http.impl.execchain.MainClientExec.execute(MainClientExec.java:236)
	at org.apache.http.impl.execchain.ProtocolExec.execute(ProtocolExec.java:184)
	at org.apache.http.impl.execchain.RetryExec.execute(RetryExec.java:88)
	at org.apache.http.impl.execchain.RedirectExec.execute(RedirectExec.java:110)
	at org.apache.http.impl.client.InternalHttpClient.doExecute(InternalHttpClient.java:184)
	at org.apache.http.impl.client.CloseableHttpClient.execute(CloseableHttpClient.java:71)
	at org.apache.http.impl.client.CloseableHttpClient.execute(CloseableHttpClient.java:55)
	at org.openqa.selenium.remote.internal.ApacheHttpClient.fallBackExecute(ApacheHttpClient.java:143)
	at org.openqa.selenium.remote.internal.ApacheHttpClient.execute(ApacheHttpClient.java:89)
	at org.openqa.selenium.remote.HttpCommandExecutor.execute(HttpCommandExecutor.java:134)
	at org.openqa.selenium.remote.RemoteWebDriver.execute(RemoteWebDriver.java:568)
	... 27 more
Caused by: java.net.ConnectException: Connection refused
	at java.net.PlainSocketImpl.socketConnect(Native Method)
	at java.net.AbstractPlainSocketImpl.doConnect(AbstractPlainSocketImpl.java:339)
	at java.net.AbstractPlainSocketImpl.connectToAddress(AbstractPlainSocketImpl.java:200)
	at java.net.AbstractPlainSocketImpl.connect(AbstractPlainSocketImpl.java:182)
	at java.net.SocksSocketImpl.connect(SocksSocketImpl.java:392)
	at java.net.Socket.connect(Socket.java:579)
	at org.apache.http.conn.socket.PlainConnectionSocketFactory.connectSocket(PlainConnectionSocketFactory.java:74)
	at org.apache.http.impl.conn.DefaultHttpClientConnectionOperator.connect(DefaultHttpClientConnectionOperator.java:134)
	... 40 more
]]>
            </full-stacktrace>
          </exception> <!-- org.openqa.selenium.remote.UnreachableBrowserException -->
          <reporter-output>
          </reporter-output>
        </test-method> <!-- testSetUp -->
        <test-method status="SKIP" signature="driverClass()[pri:1, instance:com.gqmaps.Login@1335f392]" name="driverClass" duration-ms="2" started-at="2016-08-31T10:30:44Z" finished-at="2016-08-31T10:30:44Z">
          <reporter-output>
          </reporter-output>
        </test-method> <!-- driverClass -->
        <test-method status="SKIP" signature="loginValidation()[pri:2, instance:com.gqmaps.Login@1335f392]" name="loginValidation" duration-ms="4" started-at="2016-08-31T10:30:44Z" finished-at="2016-08-31T10:30:44Z">
          <reporter-output>
          </reporter-output>
        </test-method> <!-- loginValidation -->
        <test-method status="SKIP" signature="menus()[pri:3, instance:com.gqmaps.Login@1335f392]" name="menus" duration-ms="2" started-at="2016-08-31T10:30:44Z" finished-at="2016-08-31T10:30:44Z">
          <reporter-output>
          </reporter-output>
        </test-method> <!-- menus -->
        <test-method status="SKIP" signature="monitor()[pri:4, instance:com.gqmaps.Login@1335f392]" name="monitor" duration-ms="2" started-at="2016-08-31T10:30:44Z" finished-at="2016-08-31T10:30:44Z">
          <reporter-output>
          </reporter-output>
        </test-method> <!-- monitor -->
        <test-method status="SKIP" signature="virtual()[pri:5, instance:com.gqmaps.Login@1335f392]" name="virtual" duration-ms="1" started-at="2016-08-31T10:30:44Z" finished-at="2016-08-31T10:30:44Z">
          <reporter-output>
          </reporter-output>
        </test-method> <!-- virtual -->
        <test-method status="SKIP" signature="dashboard()[pri:6, instance:com.gqmaps.Login@1335f392]" name="dashboard" duration-ms="2" started-at="2016-08-31T10:30:44Z" finished-at="2016-08-31T10:30:44Z">
          <reporter-output>
          </reporter-output>
        </test-method> <!-- dashboard -->
        <test-method status="SKIP" signature="compute()[pri:7, instance:com.gqmaps.Login@1335f392]" name="compute" duration-ms="2" started-at="2016-08-31T10:30:44Z" finished-at="2016-08-31T10:30:44Z">
          <reporter-output>
          </reporter-output>
        </test-method> <!-- compute -->
        <test-method status="SKIP" signature="tearsDown()[pri:0, instance:com.gqmaps.Login@1335f392]" name="tearsDown" is-config="true" duration-ms="0" started-at="2016-08-31T10:30:45Z" finished-at="2016-08-31T10:30:45Z">
          <reporter-output>
          </reporter-output>
        </test-method> <!-- tearsDown -->
      </class> <!-- com.gqmaps.Login -->
    </test> <!-- firefox -->
  </suite> <!-- Suite -->
</testng-results>
